<?xml version="1.0" encoding="UTF-8"?>
<testng-results ignored="0" total="3" passed="2" failed="1" skipped="0">
  <reporter-output>
    <line>
      <![CDATA[onStart]]>
    </line>
    <line>
      <![CDATA[signUpSocialMedia]]>
    </line>
    <line>
      <![CDATA[onTestSuccess]]>
    </line>
    <line>
      <![CDATA[highestPrice]]>
    </line>
    <line>
      <![CDATA[onTestSuccess]]>
    </line>
    <line>
      <![CDATA[giftCard]]>
    </line>
    <line>
      <![CDATA[onTestFailure]]>
    </line>
  </reporter-output>
  <suite started-at="2024-08-08T16:11:29 IST" name="Suite" finished-at="2024-08-08T16:13:22 IST" duration-ms="113908">
    <groups>
    </groups>
    <test started-at="2024-08-08T16:11:29 IST" name="Test" finished-at="2024-08-08T16:13:22 IST" duration-ms="113908">
      <class name="DWS.Task2_FillFacebookDetails">
        <test-method is-config="true" signature="preCondition()[pri:0, instance:DWS.Task2_FillFacebookDetails@4e096385]" started-at="2024-08-08T16:11:29 IST" name="preCondition" finished-at="2024-08-08T16:11:46 IST" duration-ms="17223" status="PASS">
          <reporter-output>
          </reporter-output>
        </test-method> <!-- preCondition -->
        <test-method is-config="true" signature="login()[pri:0, instance:DWS.Task2_FillFacebookDetails@4e096385]" started-at="2024-08-08T16:11:46 IST" name="login" finished-at="2024-08-08T16:11:50 IST" duration-ms="3282" status="PASS">
          <reporter-output>
          </reporter-output>
        </test-method> <!-- login -->
        <test-method signature="signUpSocialMedia()[pri:0, instance:DWS.Task2_FillFacebookDetails@4e096385]" started-at="2024-08-08T16:11:50 IST" name="signUpSocialMedia" finished-at="2024-08-08T16:12:18 IST" duration-ms="28669" status="PASS">
          <reporter-output>
            <line>
              <![CDATA[signUpSocialMedia]]>
            </line>
            <line>
              <![CDATA[onTestSuccess]]>
            </line>
          </reporter-output>
        </test-method> <!-- signUpSocialMedia -->
        <test-method is-config="true" signature="logout()[pri:0, instance:DWS.Task2_FillFacebookDetails@4e096385]" started-at="2024-08-08T16:12:18 IST" name="logout" finished-at="2024-08-08T16:12:20 IST" duration-ms="1540" status="PASS">
          <reporter-output>
          </reporter-output>
        </test-method> <!-- logout -->
        <test-method is-config="true" signature="postCondition()[pri:0, instance:DWS.Task2_FillFacebookDetails@4e096385]" started-at="2024-08-08T16:12:20 IST" name="postCondition" finished-at="2024-08-08T16:12:20 IST" duration-ms="473" status="PASS">
          <reporter-output>
          </reporter-output>
        </test-method> <!-- postCondition -->
      </class> <!-- DWS.Task2_FillFacebookDetails -->
      <class name="DWS.Task5_RemoveHighestPriceProduct">
        <test-method is-config="true" signature="preCondition()[pri:0, instance:DWS.Task5_RemoveHighestPriceProduct@649bec2e]" started-at="2024-08-08T16:12:20 IST" name="preCondition" finished-at="2024-08-08T16:12:28 IST" duration-ms="7752" status="PASS">
          <reporter-output>
          </reporter-output>
        </test-method> <!-- preCondition -->
        <test-method is-config="true" signature="login()[pri:0, instance:DWS.Task5_RemoveHighestPriceProduct@649bec2e]" started-at="2024-08-08T16:12:28 IST" name="login" finished-at="2024-08-08T16:12:30 IST" duration-ms="2118" status="PASS">
          <reporter-output>
          </reporter-output>
        </test-method> <!-- login -->
        <test-method signature="highestPrice()[pri:0, instance:DWS.Task5_RemoveHighestPriceProduct@649bec2e]" started-at="2024-08-08T16:12:30 IST" name="highestPrice" finished-at="2024-08-08T16:12:40 IST" duration-ms="9141" status="PASS">
          <reporter-output>
            <line>
              <![CDATA[highestPrice]]>
            </line>
            <line>
              <![CDATA[onTestSuccess]]>
            </line>
          </reporter-output>
        </test-method> <!-- highestPrice -->
        <test-method is-config="true" signature="logout()[pri:0, instance:DWS.Task5_RemoveHighestPriceProduct@649bec2e]" started-at="2024-08-08T16:12:40 IST" name="logout" finished-at="2024-08-08T16:12:41 IST" duration-ms="1325" status="PASS">
          <reporter-output>
          </reporter-output>
        </test-method> <!-- logout -->
        <test-method is-config="true" signature="postCondition()[pri:0, instance:DWS.Task5_RemoveHighestPriceProduct@649bec2e]" started-at="2024-08-08T16:12:41 IST" name="postCondition" finished-at="2024-08-08T16:12:41 IST" duration-ms="364" status="PASS">
          <reporter-output>
          </reporter-output>
        </test-method> <!-- postCondition -->
      </class> <!-- DWS.Task5_RemoveHighestPriceProduct -->
      <class name="DWS.Task1_GiftCard">
        <test-method is-config="true" signature="preCondition()[pri:0, instance:DWS.Task1_GiftCard@693fe6c9]" started-at="2024-08-08T16:12:41 IST" name="preCondition" finished-at="2024-08-08T16:12:51 IST" duration-ms="9962" status="PASS">
          <reporter-output>
          </reporter-output>
        </test-method> <!-- preCondition -->
        <test-method is-config="true" signature="login()[pri:0, instance:DWS.Task1_GiftCard@693fe6c9]" started-at="2024-08-08T16:12:51 IST" name="login" finished-at="2024-08-08T16:12:53 IST" duration-ms="1701" status="PASS">
          <reporter-output>
          </reporter-output>
        </test-method> <!-- login -->
        <test-method signature="giftCard()[pri:0, instance:DWS.Task1_GiftCard@693fe6c9]" started-at="2024-08-08T16:12:53 IST" name="giftCard" finished-at="2024-08-08T16:13:20 IST" duration-ms="27157" status="FAIL">
          <exception class="org.openqa.selenium.NoSuchElementException">
            <message>
              <![CDATA[no such element: Unable to locate element: {"method":"link text","selector":"$25 Virtual Gift Card"}
  (Session info: chrome=127.0.6533.90)
For documentation on this error, please visit: https://www.selenium.dev/documentation/webdriver/troubleshooting/errors#no-such-element-exception
Build info: version: '4.22.0', revision: 'c5f3146703*'
System info: os.name: 'Windows 10', os.arch: 'amd64', os.version: '10.0', java.version: '17.0.8.1'
Driver info: org.openqa.selenium.chrome.ChromeDriver
Command: [7b04f38680a52fe4b67e9b931b4819c2, findElement {value=$25 Virtual Gift Card, using=link text}]
Capabilities {acceptInsecureCerts: false, browserName: chrome, browserVersion: 127.0.6533.90, chrome: {chromedriverVersion: 127.0.6533.99 (f31af5097d90..., userDataDir: C:\Users\lenovo\AppData\Loc...}, fedcm:accounts: true, goog:chromeOptions: {debuggerAddress: localhost:51883}, networkConnectionEnabled: false, pageLoadStrategy: normal, platformName: windows, proxy: Proxy(), se:cdp: ws://localhost:51883/devtoo..., se:cdpVersion: 127.0.6533.90, setWindowRect: true, strictFileInteractability: false, timeouts: {implicit: 0, pageLoad: 300000, script: 30000}, unhandledPromptBehavior: dismiss and notify, webauthn:extension:credBlob: true, webauthn:extension:largeBlob: true, webauthn:extension:minPinLength: true, webauthn:extension:prf: true, webauthn:virtualAuthenticators: true}
Session ID: 7b04f38680a52fe4b67e9b931b4819c2]]>
            </message>
            <full-stacktrace>
              <![CDATA[org.openqa.selenium.NoSuchElementException: no such element: Unable to locate element: {"method":"link text","selector":"$25 Virtual Gift Card"}
  (Session info: chrome=127.0.6533.90)
For documentation on this error, please visit: https://www.selenium.dev/documentation/webdriver/troubleshooting/errors#no-such-element-exception
Build info: version: '4.22.0', revision: 'c5f3146703*'
System info: os.name: 'Windows 10', os.arch: 'amd64', os.version: '10.0', java.version: '17.0.8.1'
Driver info: org.openqa.selenium.chrome.ChromeDriver
Command: [7b04f38680a52fe4b67e9b931b4819c2, findElement {value=$25 Virtual Gift Card, using=link text}]
Capabilities {acceptInsecureCerts: false, browserName: chrome, browserVersion: 127.0.6533.90, chrome: {chromedriverVersion: 127.0.6533.99 (f31af5097d90..., userDataDir: C:\Users\lenovo\AppData\Loc...}, fedcm:accounts: true, goog:chromeOptions: {debuggerAddress: localhost:51883}, networkConnectionEnabled: false, pageLoadStrategy: normal, platformName: windows, proxy: Proxy(), se:cdp: ws://localhost:51883/devtoo..., se:cdpVersion: 127.0.6533.90, setWindowRect: true, strictFileInteractability: false, timeouts: {implicit: 0, pageLoad: 300000, script: 30000}, unhandledPromptBehavior: dismiss and notify, webauthn:extension:credBlob: true, webauthn:extension:largeBlob: true, webauthn:extension:minPinLength: true, webauthn:extension:prf: true, webauthn:virtualAuthenticators: true}
Session ID: 7b04f38680a52fe4b67e9b931b4819c2
at java.base/jdk.internal.reflect.NativeConstructorAccessorImpl.newInstance0(Native Method)
at java.base/jdk.internal.reflect.NativeConstructorAccessorImpl.newInstance(NativeConstructorAccessorImpl.java:77)
at java.base/jdk.internal.reflect.DelegatingConstructorAccessorImpl.newInstance(DelegatingConstructorAccessorImpl.java:45)
at java.base/java.lang.reflect.Constructor.newInstanceWithCaller(Constructor.java:499)
at java.base/java.lang.reflect.Constructor.newInstance(Constructor.java:480)
at org.openqa.selenium.remote.ErrorCodec.decode(ErrorCodec.java:167)
at org.openqa.selenium.remote.codec.w3c.W3CHttpResponseCodec.decode(W3CHttpResponseCodec.java:138)
at org.openqa.selenium.remote.codec.w3c.W3CHttpResponseCodec.decode(W3CHttpResponseCodec.java:50)
at org.openqa.selenium.remote.HttpCommandExecutor.execute(HttpCommandExecutor.java:190)
at org.openqa.selenium.remote.service.DriverCommandExecutor.invokeExecute(DriverCommandExecutor.java:216)
at org.openqa.selenium.remote.service.DriverCommandExecutor.execute(DriverCommandExecutor.java:174)
at org.openqa.selenium.remote.RemoteWebDriver.execute(RemoteWebDriver.java:518)
at org.openqa.selenium.remote.ElementLocation$ElementFinder$2.findElement(ElementLocation.java:165)
at org.openqa.selenium.remote.ElementLocation.findElement(ElementLocation.java:59)
at org.openqa.selenium.remote.RemoteWebDriver.findElement(RemoteWebDriver.java:355)
at org.openqa.selenium.remote.RemoteWebDriver.findElement(RemoteWebDriver.java:349)
at org.openqa.selenium.support.pagefactory.DefaultElementLocator.findElement(DefaultElementLocator.java:68)
at org.openqa.selenium.support.pagefactory.internal.LocatingElementHandler.invoke(LocatingElementHandler.java:38)
at jdk.proxy2/jdk.proxy2.$Proxy16.isDisplayed(Unknown Source)
at DWS.Task1_GiftCard.giftCard(Task1_GiftCard.java:47)
at java.base/jdk.internal.reflect.NativeMethodAccessorImpl.invoke0(Native Method)
at java.base/jdk.internal.reflect.NativeMethodAccessorImpl.invoke(NativeMethodAccessorImpl.java:77)
at java.base/jdk.internal.reflect.DelegatingMethodAccessorImpl.invoke(DelegatingMethodAccessorImpl.java:43)
at java.base/java.lang.reflect.Method.invoke(Method.java:568)
at org.testng.internal.MethodInvocationHelper.invokeMethod(MethodInvocationHelper.java:132)
at org.testng.internal.TestInvoker.invokeMethod(TestInvoker.java:599)
at org.testng.internal.TestInvoker.invokeTestMethod(TestInvoker.java:174)
at org.testng.internal.MethodRunner.runInSequence(MethodRunner.java:46)
at org.testng.internal.TestInvoker$MethodInvocationAgent.invoke(TestInvoker.java:822)
at org.testng.internal.TestInvoker.invokeTestMethods(TestInvoker.java:147)
at org.testng.internal.TestMethodWorker.invokeTestMethods(TestMethodWorker.java:146)
at org.testng.internal.TestMethodWorker.run(TestMethodWorker.java:128)
at java.base/java.util.ArrayList.forEach(ArrayList.java:1511)
at org.testng.TestRunner.privateRun(TestRunner.java:764)
at org.testng.TestRunner.run(TestRunner.java:585)
at org.testng.SuiteRunner.runTest(SuiteRunner.java:384)
at org.testng.SuiteRunner.runSequentially(SuiteRunner.java:378)
at org.testng.SuiteRunner.privateRun(SuiteRunner.java:337)
at org.testng.SuiteRunner.run(SuiteRunner.java:286)
at org.testng.SuiteRunnerWorker.runSuite(SuiteRunnerWorker.java:53)
at org.testng.SuiteRunnerWorker.run(SuiteRunnerWorker.java:96)
at org.testng.TestNG.runSuitesSequentially(TestNG.java:1218)
at org.testng.TestNG.runSuitesLocally(TestNG.java:1140)
at org.testng.TestNG.runSuites(TestNG.java:1069)
at org.testng.TestNG.run(TestNG.java:1037)
at org.testng.remote.AbstractRemoteTestNG.run(AbstractRemoteTestNG.java:115)
at org.testng.remote.RemoteTestNG.initAndRun(RemoteTestNG.java:251)
at org.testng.remote.RemoteTestNG.main(RemoteTestNG.java:77)
]]>
            </full-stacktrace>
          </exception> <!-- org.openqa.selenium.NoSuchElementException -->
          <reporter-output>
            <line>
              <![CDATA[giftCard]]>
            </line>
            <line>
              <![CDATA[onTestFailure]]>
            </line>
          </reporter-output>
        </test-method> <!-- giftCard -->
        <test-method is-config="true" signature="logout()[pri:0, instance:DWS.Task1_GiftCard@693fe6c9]" started-at="2024-08-08T16:13:20 IST" name="logout" finished-at="2024-08-08T16:13:22 IST" duration-ms="1813" status="PASS">
          <reporter-output>
          </reporter-output>
        </test-method> <!-- logout -->
        <test-method is-config="true" signature="postCondition()[pri:0, instance:DWS.Task1_GiftCard@693fe6c9]" started-at="2024-08-08T16:13:22 IST" name="postCondition" finished-at="2024-08-08T16:13:22 IST" duration-ms="447" status="PASS">
          <reporter-output>
          </reporter-output>
        </test-method> <!-- postCondition -->
      </class> <!-- DWS.Task1_GiftCard -->
    </test> <!-- Test -->
  </suite> <!-- Suite -->
</testng-results>
